Crashlog created at 2017-02-02 16:29:16 +0800

===== MESSAGE:

Slim::Parser::SyntaxError: Malformed indentation
  (__TEMPLATE__), Line 77, Column 25
    p.note | 1: I suspend the college study for personal reason during June, 2010 - Sep, 2011
    ^

===== COMPILATION STACK:

  (empty)

===== STACK TRACE:

  0. (__TEMPLATE__):77
  1. /var/lib/gems/2.3.0/gems/slim-3.0.7/lib/slim/parser.rb:513:in `syntax_error!'
  2. /var/lib/gems/2.3.0/gems/slim-3.0.7/lib/slim/parser.rb:189:in `parse_line'
  3. /var/lib/gems/2.3.0/gems/slim-3.0.7/lib/slim/parser.rb:95:in `call'
  4. /var/lib/gems/2.3.0/gems/temple-0.7.7/lib/temple/engine.rb:50:in `block in call'
  5. /var/lib/gems/2.3.0/gems/temple-0.7.7/lib/temple/engine.rb:50:in `each'
  6. /var/lib/gems/2.3.0/gems/temple-0.7.7/lib/temple/engine.rb:50:in `inject'
  7. /var/lib/gems/2.3.0/gems/temple-0.7.7/lib/temple/engine.rb:50:in `call'
  8. /var/lib/gems/2.3.0/gems/temple-0.7.7/lib/temple/mixins/template.rb:10:in `compile'
  9. /var/lib/gems/2.3.0/gems/temple-0.7.7/lib/temple/templates/tilt.rb:30:in `prepare'
  10. /var/lib/gems/2.3.0/gems/tilt-2.0.5/lib/tilt/template.rb:92:in `initialize'
  11. /var/lib/gems/2.3.0/gems/nanoc-4.2.4/lib/nanoc/filters/slim.rb:23:in `new'
  12. /var/lib/gems/2.3.0/gems/nanoc-4.2.4/lib/nanoc/filters/slim.rb:23:in `run'
  13. /var/lib/gems/2.3.0/gems/nanoc-4.2.4/lib/nanoc/base/compilation/filter.rb:130:in `setup_and_run'
  14. /var/lib/gems/2.3.0/gems/nanoc-4.2.4/lib/nanoc/base/services/executor.rb:25:in `filter'
  15. /var/lib/gems/2.3.0/gems/nanoc-4.2.4/lib/nanoc/base/compilation/compiler.rb:252:in `block in recalculate_content_for_rep'
  16. /var/lib/gems/2.3.0/gems/nanoc-4.2.4/lib/nanoc/base/entities/rule_memory.rb:57:in `block in each'
  17. /var/lib/gems/2.3.0/gems/nanoc-4.2.4/lib/nanoc/base/entities/rule_memory.rb:57:in `each'
  18. /var/lib/gems/2.3.0/gems/nanoc-4.2.4/lib/nanoc/base/entities/rule_memory.rb:57:in `each'
  19. /var/lib/gems/2.3.0/gems/nanoc-4.2.4/lib/nanoc/base/compilation/compiler.rb:249:in `recalculate_content_for_rep'
  20. /var/lib/gems/2.3.0/gems/nanoc-4.2.4/lib/nanoc/base/compilation/compiler.rb:224:in `compile_rep'
  21. /var/lib/gems/2.3.0/gems/nanoc-4.2.4/lib/nanoc/base/compilation/compiler.rb:197:in `block in compile_reps'
  22. /var/lib/gems/2.3.0/gems/nanoc-4.2.4/lib/nanoc/base/services/item_rep_selector.rb:18:in `block in each'
  23. /var/lib/gems/2.3.0/gems/nanoc-4.2.4/lib/nanoc/base/services/item_rep_selector.rb:13:in `loop'
  24. /var/lib/gems/2.3.0/gems/nanoc-4.2.4/lib/nanoc/base/services/item_rep_selector.rb:13:in `each'
  25. /var/lib/gems/2.3.0/gems/nanoc-4.2.4/lib/nanoc/base/compilation/compiler.rb:195:in `compile_reps'
  26. /var/lib/gems/2.3.0/gems/nanoc-4.2.4/lib/nanoc/base/compilation/compiler.rb:89:in `run'
  27. /var/lib/gems/2.3.0/gems/nanoc-4.2.4/lib/nanoc/base/compilation/compiler.rb:77:in `run_all'
  28. /var/lib/gems/2.3.0/gems/nanoc-4.2.4/lib/nanoc/base/entities/site.rb:30:in `compile'
  29. /var/lib/gems/2.3.0/gems/guard-nanoc-2.0.0/lib/guard/nanoc.rb:64:in `block in recompile'
  30. /var/lib/gems/2.3.0/gems/guard-nanoc-2.0.0/lib/guard/nanoc.rb:62:in `chdir'
  31. /var/lib/gems/2.3.0/gems/guard-nanoc-2.0.0/lib/guard/nanoc.rb:62:in `recompile'
  32. /var/lib/gems/2.3.0/gems/guard-nanoc-2.0.0/lib/guard/nanoc.rb:27:in `run_on_changes'
  33. /var/lib/gems/2.3.0/gems/guard-2.14.0/lib/guard/runner.rb:82:in `block in _supervise'
  34. /var/lib/gems/2.3.0/gems/guard-2.14.0/lib/guard/runner.rb:79:in `catch'
  35. /var/lib/gems/2.3.0/gems/guard-2.14.0/lib/guard/runner.rb:79:in `_supervise'
  36. /var/lib/gems/2.3.0/gems/guard-2.14.0/lib/guard/runner.rb:61:in `block (3 levels) in run_on_changes'
  37. /var/lib/gems/2.3.0/gems/guard-2.14.0/lib/guard/runner.rb:56:in `each'
  38. /var/lib/gems/2.3.0/gems/guard-2.14.0/lib/guard/runner.rb:56:in `block (2 levels) in run_on_changes'
  39. /var/lib/gems/2.3.0/gems/guard-2.14.0/lib/guard/runner.rb:119:in `block (2 levels) in _run_group_plugins'
  40. /var/lib/gems/2.3.0/gems/guard-2.14.0/lib/guard/runner.rb:117:in `each'
  41. /var/lib/gems/2.3.0/gems/guard-2.14.0/lib/guard/runner.rb:117:in `block in _run_group_plugins'
  42. /var/lib/gems/2.3.0/gems/guard-2.14.0/lib/guard/runner.rb:116:in `catch'
  43. /var/lib/gems/2.3.0/gems/guard-2.14.0/lib/guard/runner.rb:116:in `_run_group_plugins'
  44. /var/lib/gems/2.3.0/gems/guard-2.14.0/lib/guard/runner.rb:54:in `block in run_on_changes'
  45. /var/lib/gems/2.3.0/gems/guard-2.14.0/lib/guard/runner.rb:53:in `each'
  46. /var/lib/gems/2.3.0/gems/guard-2.14.0/lib/guard/runner.rb:53:in `run_on_changes'
  47. /var/lib/gems/2.3.0/gems/guard-2.14.0/lib/guard/internals/queue.rb:24:in `process'
  48. /var/lib/gems/2.3.0/gems/guard-2.14.0/lib/guard/commander.rb:43:in `start'
  49. /var/lib/gems/2.3.0/gems/guard-2.14.0/lib/guard/cli/environments/valid.rb:16:in `start_guard'
  50. /var/lib/gems/2.3.0/gems/guard-2.14.0/lib/guard/cli.rb:122:in `start'
  51. /usr/lib/ruby/vendor_ruby/thor/command.rb:27:in `run'
  52. /usr/lib/ruby/vendor_ruby/thor/invocation.rb:126:in `invoke_command'
  53. /usr/lib/ruby/vendor_ruby/thor.rb:359:in `dispatch'
  54. /usr/lib/ruby/vendor_ruby/thor/base.rb:440:in `start'
  55. /var/lib/gems/2.3.0/gems/guard-2.14.0/lib/guard/aruba_adapter.rb:32:in `execute'
  56. /var/lib/gems/2.3.0/gems/guard-2.14.0/lib/guard/aruba_adapter.rb:19:in `execute!'

===== VERSION INFORMATION:

Nanoc 4.2.4 © 2007-2016 Denis Defreyne.
Running ruby 2.3.1 (2016-04-26) on x86_64-linux-gnu with RubyGems 2.5.1.

===== SYSTEM INFORMATION:

Linux du 4.4.0-59-generic #80-Ubuntu SMP Fri Jan 6 17:47:47 UTC 2017 x86_64 x86_64 x86_64 GNU/Linux

===== INSTALLED GEMS:

  adsf 1.2.1
  allison 2.0.3
  builder 3.2.2
  bundler 1.11.2
  byebug 9.0.5
  coderay 1.1.1
  colored 1.2
  concurrent-ruby 1.0.2
  cri 2.7.0
  echoe 4.6.6
  execjs 2.7.0
  ffi 1.9.14
  formatador 0.2.5
  guard 2.14.0
  guard-bundler 2.1.0
  guard-compat 1.2.1
  guard-nanoc 2.0.0
  hamster 3.0.0
  json 1.8.3
  json_pure 2.0.2
  listen 3.1.5
  lumberjack 1.0.10
  method_source 0.8.2
  nanoc 4.2.4
  nanoc-cachebuster 0.4.0
  nenv 0.3.0
  notiffany 0.1.1
  pandoc-ruby 2.0.1
  pry 0.10.4
  pry-byebug 3.4.0
  rack 2.0.1
  rainpress 1.0
  rake 11.2.2
  rb-fsevent 0.9.7
  rb-inotify 0.9.7
  rdoc 4.2.2
  ref 2.0.0
  ruby_dep 1.4.0
  rubyforge 2.0.4
  rubypants 0.5.0
  sass 3.4.22
  shellany 0.0.1
  slim 3.0.7
  slop 3.6.0
  temple 0.7.7
  thor 0.19.1
  tilt 2.0.5
  typogruby 1.0.18
  uglifier 3.0.1

===== GEMFILE.LOCK:

GEM
  remote: https://rubygems.org/
  specs:
    adsf (1.2.1)
      rack (>= 1.0.0)
    allison (2.0.3)
    builder (3.2.2)
    byebug (9.0.5)
    coderay (1.1.1)
    colored (1.2)
    concurrent-ruby (1.0.2)
    cri (2.7.0)
      colored (~> 1.2)
    echoe (4.6.6)
      allison (>= 2.0.3)
      rake (>= 0.9.2)
      rdoc (>= 2.5.11)
      rubyforge (>= 2.0.4)
    execjs (2.7.0)
    ffi (1.9.14)
    formatador (0.2.5)
    guard (2.14.0)
      formatador (>= 0.2.4)
      listen (>= 2.7, < 4.0)
      lumberjack (~> 1.0)
      nenv (~> 0.1)
      notiffany (~> 0.0)
      pry (>= 0.9.12)
      shellany (~> 0.0)
      thor (>= 0.18.1)
    guard-bundler (2.1.0)
      bundler (~> 1.0)
      guard (~> 2.2)
      guard-compat (~> 1.1)
    guard-compat (1.2.1)
    guard-nanoc (2.0.0)
      guard (~> 2.8)
      guard-compat (~> 1.0)
      nanoc (~> 4.0)
    hamster (3.0.0)
      concurrent-ruby (~> 1.0)
    json (1.8.3)
    json_pure (2.0.2)
    listen (3.1.5)
      rb-fsevent (~> 0.9, >= 0.9.4)
      rb-inotify (~> 0.9, >= 0.9.7)
      ruby_dep (~> 1.2)
    lumberjack (1.0.10)
    method_source (0.8.2)
    nanoc (4.2.4)
      cri (~> 2.3)
      hamster (~> 3.0)
      ref (~> 2.0)
    nanoc-cachebuster (0.4.0)
      nanoc (>= 3.3.0)
    nenv (0.3.0)
    notiffany (0.1.1)
      nenv (~> 0.1)
      shellany (~> 0.0)
    pandoc-ruby (2.0.1)
    pry (0.10.4)
      coderay (~> 1.1.0)
      method_source (~> 0.8.1)
      slop (~> 3.4)
    pry-byebug (3.4.0)
      byebug (~> 9.0)
      pry (~> 0.10)
    rack (2.0.1)
    rainpress (1.0)
    rake (11.2.2)
    rb-fsevent (0.9.7)
    rb-inotify (0.9.7)
      ffi (>= 0.5.0)
    rdoc (4.2.2)
      json (~> 1.4)
    ref (2.0.0)
    ruby_dep (1.4.0)
    rubyforge (2.0.4)
      json_pure (>= 1.1.7)
    rubypants (0.5.0)
    sass (3.4.22)
    shellany (0.0.1)
    slim (3.0.7)
      temple (~> 0.7.6)
      tilt (>= 1.3.3, < 2.1)
    slop (3.6.0)
    temple (0.7.7)
    thor (0.19.1)
    tilt (2.0.5)
    typogruby (1.0.18)
      rubypants
    uglifier (3.0.1)
      execjs (>= 0.3.0, < 3)

PLATFORMS
  ruby

DEPENDENCIES
  adsf
  builder
  echoe
  guard-bundler
  guard-nanoc
  nanoc
  nanoc-cachebuster
  pandoc-ruby
  pry
  pry-byebug
  rainpress
  rake
  sass
  slim
  typogruby
  uglifier

BUNDLED WITH
   1.11.2

===== LOAD PATHS:

  0. /var/lib/gems/2.3.0/gems/ref-2.0.0/lib
  1. /var/lib/gems/2.3.0/gems/uglifier-3.0.1/lib
  2. /var/lib/gems/2.3.0/gems/typogruby-1.0.18/lib
  3. /var/lib/gems/2.3.0/gems/slim-3.0.7/lib
  4. /var/lib/gems/2.3.0/gems/tilt-2.0.5/lib
  5. /var/lib/gems/2.3.0/gems/temple-0.7.7/lib
  6. /var/lib/gems/2.3.0/gems/sass-3.4.22/lib
  7. /var/lib/gems/2.3.0/gems/rubypants-0.5.0/lib
  8. /var/lib/gems/2.3.0/gems/rainpress-1.0/lib
  9. /var/lib/gems/2.3.0/gems/pry-byebug-3.4.0/lib
  10. /var/lib/gems/2.3.0/gems/pandoc-ruby-2.0.1/lib
  11. /var/lib/gems/2.3.0/gems/nanoc-cachebuster-0.4.0/lib
  12. /var/lib/gems/2.3.0/gems/guard-nanoc-2.0.0/lib
  13. /var/lib/gems/2.3.0/gems/nanoc-4.2.4/lib
  14. /var/lib/gems/2.3.0/gems/ref-2.0.0/lib
  15. /var/lib/gems/2.3.0/gems/hamster-3.0.0/lib
  16. /var/lib/gems/2.3.0/gems/guard-bundler-2.1.0/lib
  17. /var/lib/gems/2.3.0/gems/guard-compat-1.2.1/lib
  18. /var/lib/gems/2.3.0/gems/guard-2.14.0/lib
  19. /usr/share/rubygems-integration/all/gems/thor-0.19.1/lib
  20. /var/lib/gems/2.3.0/gems/pry-0.10.4/lib
  21. /var/lib/gems/2.3.0/gems/slop-3.6.0/lib
  22. /var/lib/gems/2.3.0/gems/method_source-0.8.2/lib
  23. /var/lib/gems/2.3.0/gems/notiffany-0.1.1/lib
  24. /var/lib/gems/2.3.0/gems/shellany-0.0.1/lib
  25. /var/lib/gems/2.3.0/gems/nenv-0.3.0/lib
  26. /var/lib/gems/2.3.0/gems/lumberjack-1.0.10/lib
  27. /var/lib/gems/2.3.0/gems/listen-3.1.5/lib
  28. /var/lib/gems/2.3.0/gems/ruby_dep-1.4.0/lib
  29. /usr/share/rubygems-integration/all/gems/rb-inotify-0.9.7/lib
  30. /var/lib/gems/2.3.0/gems/rb-fsevent-0.9.7/lib
  31. /var/lib/gems/2.3.0/gems/formatador-0.2.5/lib
  32. /var/lib/gems/2.3.0/gems/ffi-1.9.14/lib
  33. /var/lib/gems/2.3.0/extensions/x86_64-linux/2.3.0/ffi-1.9.14
  34. /var/lib/gems/2.3.0/gems/execjs-2.7.0/lib
  35. /var/lib/gems/2.3.0/gems/echoe-4.6.6/lib
  36. /var/lib/gems/2.3.0/gems/rubyforge-2.0.4/lib
  37. /var/lib/gems/2.3.0/gems/json_pure-2.0.2/lib
  38. /var/lib/gems/2.3.0/gems/rdoc-4.2.2/lib
  39. /usr/lib/ruby/gems/2.3.0/gems/json-1.8.3/lib
  40. /var/lib/gems/2.3.0/gems/cri-2.7.0/lib
  41. /var/lib/gems/2.3.0/gems/concurrent-ruby-1.0.2/lib
  42. /var/lib/gems/2.3.0/gems/colored-1.2/lib
  43. /var/lib/gems/2.3.0/gems/coderay-1.1.1/lib
  44. /var/lib/gems/2.3.0/gems/byebug-9.0.5/lib
  45. /var/lib/gems/2.3.0/extensions/x86_64-linux/2.3.0/byebug-9.0.5
  46. /usr/share/rubygems-integration/all/gems/bundler-1.11.2/lib
  47. /usr/share/rubygems-integration/all/gems/builder-3.2.2/lib
  48. /var/lib/gems/2.3.0/gems/allison-2.0.3/lib
  49. /var/lib/gems/2.3.0/gems/adsf-1.2.1/lib
  50. /var/lib/gems/2.3.0/gems/rack-2.0.1/lib
  51. /var/lib/gems/2.3.0/gems/rake-11.2.2/lib
  52. /usr/lib/ruby/vendor_ruby
  53. /usr/local/lib/site_ruby/2.3.0
  54. /usr/local/lib/x86_64-linux-gnu/site_ruby
  55. /usr/local/lib/site_ruby
  56. /usr/lib/ruby/vendor_ruby/2.3.0
  57. /usr/lib/x86_64-linux-gnu/ruby/vendor_ruby/2.3.0
  58. /usr/lib/ruby/2.3.0
  59. /usr/lib/x86_64-linux-gnu/ruby/2.3.0
